[LOG] System::create                           : Header version = 2.00.06. Current version = 2.00.06.
[LOG] Manager::init                            : maxchannels = 256 studioflags = 00000006 flags 00000000 extradriverdata 0000000000000000.
[LOG] SystemI::init                            : Initialize version=20006 (106220), maxchannels=256, flags=0x00020000
[LOG] SystemI::setOutputInternal               : Setting output to 'FMOD WASAPI Output'
[LOG] OutputWASAPI::init                       : Mix Format (WAVEFORMATEX): wFormatTag=0xFFFE, nChannels=2, nSamplesPerSec=48000, nAvgBytesPerSec=384000, nBlockAlign=8, wBitsPerSample=32, cbSize=22.
[LOG] OutputWASAPI::init                       : Mix Format (WAVEFORMATEXTENSIBLE): wValidBitsPerSample=32, dwChannelMask=0x00000003, SubFormat=00000003-0000-0010-8000-00AA00389B71.
[LOG] OutputWASAPI::init                       : Output buffer size: 4096 samples, latency: 0.00ms, period: 10.00ms, DSP buffer: 1024 * 4
[LOG] Thread::initThread                       : Init FMOD stream thread. Priority: 2, Stack Size: 98304, Semaphore: No, Sleep Time: 10, Looping: Yes.
[LOG] Thread::initThread                       : Init FMOD mixer thread. Priority: 3, Stack Size: 81920, Semaphore: No, Sleep Time: 0, Looping: Yes.
[LOG] AsyncManager::init                       : manager 0000016FF6779D38 isAsync 0 updatePeriod 0.02
[LOG] AsyncManager::init                       : done
[LOG] PlaybackSystem::init                     : 
[LOG] Thread::initThread                       : Init FMOD Studio sample load thread. Priority: 0, Stack Size: 98304, Semaphore: No, Sleep Time: 1, Looping: No.
[LOG] PlaybackSystem::init                     : done
[LOG] Thread::initThread                       : Init FMOD Studio bank load thread. Priority: 0, Stack Size: 98304, Semaphore: No, Sleep Time: 1, Looping: No.
[LOG] Manager::init                            : done.
[LOG] Manager::readBank                        : fileversion = 103, compatVersion = 99 (oldest = 44, newest = 123)
[LOG] Manager::readBank                        : fileversion = 103, compatVersion = 99 (oldest = 44, newest = 123)
[LOG] Manager::readBank                        : fileversion = 103, compatVersion = 99 (oldest = 44, newest = 123)
[LOG] Manager::readBank                        : fileversion = 103, compatVersion = 99 (oldest = 44, newest = 123)
[LOG] PlaybackSystem::acquireMasterBus         : Setting master channel group format to 6
[LOG] Manager::readBank                        : fileversion = 103, compatVersion = 99 (oldest = 44, newest = 123)
[LOG] SystemI::createSoundInternal             : Create name='', mode=0x02000202
[LOG] SystemI::createSoundInternal             : exinfo->cbsize             = 224
[LOG] SystemI::createSoundInternal             : exinfo->length             = 53600
[LOG] SystemI::createSoundInternal             : exinfo->fileoffset         = 6496
[LOG] SystemI::createSoundInternal             : exinfo->numsubsounds       = 1
[LOG] SystemI::createSoundInternal             : exinfo->inclusionlist      = 0000002A64CFF05C
[LOG] SystemI::createSoundInternal             : exinfo->inclusionlistnum   = 1
[LOG] SystemI::createSoundInternal             : exinfo->suggestedsoundtype = 5
[LOG] SystemI::createSoundInternal             : exinfo->useropen           = 00007FFCAD8980A0
[LOG] SystemI::createSoundInternal             : exinfo->userclose          = 00007FFCAD898070
[LOG] SystemI::createSoundInternal             : exinfo->userread           = 00007FFCAD898170
[LOG] SystemI::createSoundInternal             : exinfo->userseek           = 00007FFCAD898230
[LOG] SystemI::createSoundInternal             : exinfo->fileuserdata       = 000001701009FEF8
[LOG] SystemI::createSoundInternal             : exinfo->initialseekpostype = 1
[LOG] SystemI::DSPCodecPoolRegister            : register codec pool for pool type 5
[LOG] SystemI::createSoundInternal             : Sample 0/1: name='engine', format=2, channels=1, frequency=48000, lengthbytes=6496, lengthpcm=39514, pcmblocksize=0, loopstart=0, loopend=0, mode=0x00000000, channelmask=0x00000000, channelorder=0, peakvolume=0.533661.
[LOG] SystemI::createSoundInternal             : Create name='', mode=0x02000202
[LOG] SystemI::createSoundInternal             : exinfo->cbsize             = 224
[LOG] SystemI::createSoundInternal             : exinfo->length             = 53600
[LOG] SystemI::createSoundInternal             : exinfo->fileoffset         = 6496
[LOG] SystemI::createSoundInternal             : exinfo->numsubsounds       = 1
[LOG] SystemI::createSoundInternal             : exinfo->inclusionlist      = 0000002A64CFF05C
[LOG] SystemI::createSoundInternal             : exinfo->inclusionlistnum   = 1
[LOG] SystemI::createSoundInternal             : exinfo->suggestedsoundtype = 5
[LOG] SystemI::createSoundInternal             : exinfo->useropen           = 00007FFCAD8980A0
[LOG] SystemI::createSoundInternal             : exinfo->userclose          = 00007FFCAD898070
[LOG] SystemI::createSoundInternal             : exinfo->userread           = 00007FFCAD898170
[LOG] SystemI::createSoundInternal             : exinfo->userseek           = 00007FFCAD898230
[LOG] SystemI::createSoundInternal             : exinfo->fileuserdata       = 000001701009FEF8
[LOG] SystemI::createSoundInternal             : exinfo->initialseekpostype = 1
[LOG] SystemI::DSPCodecPoolRegister            : register codec pool for pool type 5
[LOG] SystemI::createSoundInternal             : Sample 0/1: name='engine-start', format=2, channels=1, frequency=48000, lengthbytes=32384, lengthpcm=154439, pcmblocksize=0, loopstart=0, loopend=0, mode=0x00000000, channelmask=0x00000000, channelorder=0, peakvolume=0.535400.
[LOG] SystemI::createSoundInternal             : Create name='', mode=0x02000202
[LOG] SystemI::createSoundInternal             : exinfo->cbsize             = 224
[LOG] SystemI::createSoundInternal             : exinfo->length             = 36064
[LOG] SystemI::createSoundInternal             : exinfo->fileoffset         = 13408
[LOG] SystemI::createSoundInternal             : exinfo->numsubsounds       = 1
[LOG] SystemI::createSoundInternal             : exinfo->inclusionlist      = 0000002A64CFF05C
[LOG] SystemI::createSoundInternal             : exinfo->inclusionlistnum   = 1
[LOG] SystemI::createSoundInternal             : exinfo->suggestedsoundtype = 5
[LOG] SystemI::createSoundInternal             : exinfo->useropen           = 00007FFCAD8980A0
[LOG] SystemI::createSoundInternal             : exinfo->userclose          = 00007FFCAD898070
[LOG] SystemI::createSoundInternal             : exinfo->userread           = 00007FFCAD898170
[LOG] SystemI::createSoundInternal             : exinfo->userseek           = 00007FFCAD898230
[LOG] SystemI::createSoundInternal             : exinfo->fileuserdata       = 0000016FC94CAB28
[LOG] SystemI::createSoundInternal             : exinfo->initialseekpostype = 1
[LOG] SystemI::DSPCodecPoolRegister            : register codec pool for pool type 5
[LOG] SystemI::createSoundInternal             : Sample 0/1: name='big-crash', format=2, channels=1, frequency=48000, lengthbytes=9440, lengthpcm=50945, pcmblocksize=0, loopstart=0, loopend=0, mode=0x00000000, channelmask=0x00000000, channelorder=0, peakvolume=0.620880.
[LOG] SystemI::createSoundInternal             : Create name='', mode=0x02000202
[LOG] SystemI::createSoundInternal             : exinfo->cbsize             = 224
[LOG] SystemI::createSoundInternal             : exinfo->length             = 36064
[LOG] SystemI::createSoundInternal             : exinfo->fileoffset         = 13408
[LOG] SystemI::createSoundInternal             : exinfo->numsubsounds       = 1
[LOG] SystemI::createSoundInternal             : exinfo->inclusionlist      = 0000002A64CFF05C
[LOG] SystemI::createSoundInternal             : exinfo->inclusionlistnum   = 1
[LOG] SystemI::createSoundInternal             : exinfo->suggestedsoundtype = 5
[LOG] SystemI::createSoundInternal             : exinfo->useropen           = 00007FFCAD8980A0
[LOG] SystemI::createSoundInternal             : exinfo->userclose          = 00007FFCAD898070
[LOG] SystemI::createSoundInternal             : exinfo->userread           = 00007FFCAD898170
[LOG] SystemI::createSoundInternal             : exinfo->userseek           = 00007FFCAD898230
[LOG] SystemI::createSoundInternal             : exinfo->fileuserdata       = 0000016FC94CAB28
[LOG] SystemI::createSoundInternal             : exinfo->initialseekpostype = 1
[LOG] SystemI::DSPCodecPoolRegister            : register codec pool for pool type 5
[LOG] SystemI::createSoundInternal             : Sample 0/1: name='metal_fall', format=2, channels=1, frequency=48000, lengthbytes=5120, lengthpcm=29020, pcmblocksize=0, loopstart=0, loopend=0, mode=0x00000000, channelmask=0x00000000, channelorder=0, peakvolume=0.999969.
[LOG] SystemI::createSoundInternal             : Create name='', mode=0x02000202
[LOG] SystemI::createSoundInternal             : exinfo->cbsize             = 224
[LOG] SystemI::createSoundInternal             : exinfo->length             = 36064
[LOG] SystemI::createSoundInternal             : exinfo->fileoffset         = 13408
[LOG] SystemI::createSoundInternal             : exinfo->numsubsounds       = 1
[LOG] SystemI::createSoundInternal             : exinfo->inclusionlist      = 0000002A64CFF05C
[LOG] SystemI::createSoundInternal             : exinfo->inclusionlistnum   = 1
[LOG] SystemI::createSoundInternal             : exinfo->suggestedsoundtype = 5
[LOG] SystemI::createSoundInternal             : exinfo->useropen           = 00007FFCAD8980A0
[LOG] SystemI::createSoundInternal             : exinfo->userclose          = 00007FFCAD898070
[LOG] SystemI::createSoundInternal             : exinfo->userread           = 00007FFCAD898170
[LOG] SystemI::createSoundInternal             : exinfo->userseek           = 00007FFCAD898230
[LOG] SystemI::createSoundInternal             : exinfo->fileuserdata       = 0000016FC94CAB28
[LOG] SystemI::createSoundInternal             : exinfo->initialseekpostype = 1
[LOG] SystemI::DSPCodecPoolRegister            : register codec pool for pool type 5
[LOG] SystemI::createSoundInternal             : Sample 0/1: name='wood-glass-break', format=2, channels=1, frequency=48000, lengthbytes=5824, lengthpcm=31039, pcmblocksize=0, loopstart=0, loopend=0, mode=0x00000000, channelmask=0x00000000, channelorder=0, peakvolume=0.999969.
[LOG] SystemI::createSoundInternal             : Create name='', mode=0x02000202
[LOG] SystemI::createSoundInternal             : exinfo->cbsize             = 224
[LOG] SystemI::createSoundInternal             : exinfo->length             = 36064
[LOG] SystemI::createSoundInternal             : exinfo->fileoffset         = 13408
[LOG] SystemI::createSoundInternal             : exinfo->numsubsounds       = 1
[LOG] SystemI::createSoundInternal             : exinfo->inclusionlist      = 0000002A64CFF05C
[LOG] SystemI::createSoundInternal             : exinfo->inclusionlistnum   = 1
[LOG] SystemI::createSoundInternal             : exinfo->suggestedsoundtype = 5
[LOG] SystemI::createSoundInternal             : exinfo->useropen           = 00007FFCAD8980A0
[LOG] SystemI::createSoundInternal             : exinfo->userclose          = 00007FFCAD898070
[LOG] SystemI::createSoundInternal             : exinfo->userread           = 00007FFCAD898170
[LOG] SystemI::createSoundInternal             : exinfo->userseek           = 00007FFCAD898230
[LOG] SystemI::createSoundInternal             : exinfo->fileuserdata       = 0000016FC94CAB28
[LOG] SystemI::createSoundInternal             : exinfo->initialseekpostype = 1
[LOG] SystemI::DSPCodecPoolRegister            : register codec pool for pool type 5
[LOG] SystemI::createSoundInternal             : Sample 0/1: name='wood-glass', format=2, channels=1, frequency=48000, lengthbytes=4800, lengthpcm=26604, pcmblocksize=0, loopstart=0, loopend=0, mode=0x00000000, channelmask=0x00000000, channelorder=0, peakvolume=0.999969.
[LOG] SoundI::release                          :  (000001700F9C4AD8)
[LOG] SoundI::release                          :     engine (0000016FD8FDDCA8)
[LOG] SoundI::release                          :  (0000016F873999F8)
[LOG] SoundI::release                          :     engine-start (0000016FD8CD88C8)
[LOG] SoundI::release                          :  (0000016FF9288A58)
[LOG] SoundI::release                          :     tire (0000016FD8CD83E8)
[LOG] SoundI::release                          :  (0000016FF9287ED8)
[LOG] SoundI::release                          :     wood-glass (0000016FD8CD8A68)
[LOG] SoundI::release                          :  (0000016FF9287A88)
[LOG] SoundI::release                          :     wood-glass-break (0000016FD8F5A728)
[LOG] SoundI::release                          :  (0000016FF9286218)
[LOG] SoundI::release                          :     big-crash (0000016FCC163608)
[LOG] SoundI::release                          :  (0000016FF9288328)
[LOG] SoundI::release                          :     small-crash (0000016FD8CD80A8)
[LOG] SoundI::release                          :  (0000016FF9287D68)
[LOG] SoundI::release                          :     metal_fall (0000016FD8D523B8)
[LOG] Thread::callback                         : FMOD Studio update thread finished.
[LOG] Thread::callback                         : FMOD Studio bank load thread finished.
[LOG] Profile::disconnectAll                   : Profiler disconnecting all clients
[LOG] Thread::callback                         : FMOD Studio sample load thread finished.
[LOG] LiveUpdate::release                      : 
[LOG] LiveUpdate::reset                        : Reset connection (reason Disconnected)
[LOG] Thread::callback                         : FMOD stream thread finished.
[LOG] Thread::callback                         : FMOD mixer thread finished.
[LOG] Profile::disconnectAll                   : Profiler disconnecting all clients
[LOG] SystemI::close                           : Closed.
[LOG] Thread::callback                         : FMOD Studio bank load thread finished.
[LOG] Thread::callback                         : FMOD Studio sample load thread finished.
[LOG] LiveUpdate::release                      : 
[LOG] LiveUpdate::reset                        : Reset connection (reason Disconnected)
[LOG] Thread::callback                         : FMOD stream thread finished.
[LOG] Thread::callback                         : FMOD mixer thread finished.
[LOG] SystemI::close                           : Closed.
